Arguments: 
  /home/romain/.nvm/versions/node/v20.5.1/bin/node /mnt/c/Program Files/nodejs/node_modules/yarn/bin/yarn.js test

PATH: 
  /home/romain/.vscode-server/bin/1a5daa3a0231a0fbba4f14db7ec463cf99d7768e/bin/remote-cli:/home/romain/.nvm/versions/node/v20.5.1/bin:/usr/local/sbin:/usr/local/bin:/usr/sbin:/usr/bin:/sbin:/bin:/usr/games:/usr/local/games:/usr/lib/wsl/lib:/mnt/c/Program Files/Common Files/Oracle/Java/javapath:/mnt/c/WINDOWS/system32:/mnt/c/WINDOWS:/mnt/c/WINDOWS/System32/Wbem:/mnt/c/WINDOWS/System32/WindowsPowerShell/v1.0/:/mnt/c/WINDOWS/System32/OpenSSH/:/mnt/c/Program Files (x86)/NVIDIA Corporation/PhysX/Common:/mnt/c/program files (x86)/iracing/d3dgear:/mnt/c/Program Files/Git/cmd:/mnt/c/Program Files/Geth:/mnt/c/Users/Romain/AppData/Local/Microsoft/WindowsApps:/mnt/c/Users/Romain/AppData/Local/Programs/Microsoft VS Code/bin:/mnt/c/Users/Romain/AppData/Roaming/nvm:/mnt/c/Program Files/nodejs:/snap/bin

Yarn version: 
  1.22.19

Node version: 
  20.5.1

Platform: 
  linux x64

Trace: 
  SyntaxError: /home/romain/github/nft-dao/backend/package.json: Expected double-quoted property name in JSON at position 372
      at JSON.parse (<anonymous>)
      at /mnt/c/Users/Romain/AppData/Roaming/nvm/v18.17.1/node_modules/yarn/lib/cli.js:1629:59
      at Generator.next (<anonymous>)
      at step (/mnt/c/Users/Romain/AppData/Roaming/nvm/v18.17.1/node_modules/yarn/lib/cli.js:310:30)
      at /mnt/c/Users/Romain/AppData/Roaming/nvm/v18.17.1/node_modules/yarn/lib/cli.js:321:13

npm manifest: 
  {
  	"name": "backend",
  	"version": "0.1.0",
  	"private": true,
  	"scripts": {
  		"dev:node": "npx hardhat node",
  		"deploy:sepolia": "npx hardhat run ./scripts/deploy.ts --network sepolia",
  		"deploy:localhost": "npx hardhat run ./scripts/deploy.ts --network localhost",
  		"compile": "npx hardhat compile",
  		"test": "npx hardhat test",
  		"coverage": "npx hardhat coverage",
  	},
  	"devDependencies": {
  		"@nomicfoundation/hardhat-chai-matchers": "2.0.2",
  		"@nomicfoundation/hardhat-ethers": "3.0.5",
  		"@nomicfoundation/hardhat-toolbox": "4.0.0",
  		"@nomicfoundation/hardhat-verify": "2.0.1",
  		"@typechain/ethers-v6": "0.5.1",
  		"@typechain/hardhat": "9.1.0",
  		"@types/chai": "4.3.11",
  		"@types/mocha": "10.0.6",
  		"@types/node": "20.10.0",
  		"chai": "4.3.10",
  		"erc721a": "4.2.3",
  		"ethers": "6.9.0",
  		"hardhat": "2.19.1",
  		"hardhat-gas-reporter": "1.0.9",
  		"solidity-coverage": "0.8.5",
  		"ts-node": "10.9.1",
  		"typechain": "8.3.2",
  		"typescript": "5.3.2"
  	},
  	"dependencies": {
  		"@chainlink/contracts": "0.8.0",
  		"@openzeppelin/contracts": "5.0.0",
  		"dotenv": "16.3.1"
  	}
  }

yarn manifest: 
  No manifest

Lockfile: 
  No lockfile
